{"total": {"lines":{"total":271,"covered":187,"skipped":0,"pct":69},"statements":{"total":271,"covered":187,"skipped":0,"pct":69},"functions":{"total":74,"covered":54,"skipped":0,"pct":72.97},"branches":{"total":91,"covered":68,"skipped":0,"pct":74.72},"branchesTrue":{"total":0,"covered":0,"skipped":0,"pct":100}}
,"C:\\Users\\dinho\\codigos\\dashOS\\src\\erros\\errorCodes.ts": {"lines":{"total":55,"covered":54,"skipped":0,"pct":98.18},"functions":{"total":7,"covered":5,"skipped":0,"pct":71.42},"statements":{"total":55,"covered":54,"skipped":0,"pct":98.18},"branches":{"total":11,"covered":9,"skipped":0,"pct":81.81}}
,"C:\\Users\\dinho\\codigos\\dashOS\\src\\modules\\auth\\auth.repository.ts": {"lines":{"total":16,"covered":6,"skipped":0,"pct":37.5},"functions":{"total":7,"covered":7,"skipped":0,"pct":100},"statements":{"total":16,"covered":6,"skipped":0,"pct":37.5},"branches":{"total":12,"covered":8,"skipped":0,"pct":66.66}}
,"C:\\Users\\dinho\\codigos\\dashOS\\src\\modules\\auth\\auth.service.ts": {"lines":{"total":73,"covered":24,"skipped":0,"pct":32.87},"functions":{"total":12,"covered":8,"skipped":0,"pct":66.66},"statements":{"total":73,"covered":24,"skipped":0,"pct":32.87},"branches":{"total":15,"covered":9,"skipped":0,"pct":60}}
,"C:\\Users\\dinho\\codigos\\dashOS\\src\\shared\\enums\\perfil.enum.ts": {"lines":{"total":7,"covered":7,"skipped":0,"pct":100},"functions":{"total":6,"covered":5,"skipped":0,"pct":83.33},"statements":{"total":7,"covered":7,"skipped":0,"pct":100},"branches":{"total":10,"covered":8,"skipped":0,"pct":80}}
,"C:\\Users\\dinho\\codigos\\dashOS\\src\\shared\\errors\\AppError.ts": {"lines":{"total":50,"covered":47,"skipped":0,"pct":94},"functions":{"total":26,"covered":16,"skipped":0,"pct":61.53},"statements":{"total":50,"covered":47,"skipped":0,"pct":94},"branches":{"total":20,"covered":18,"skipped":0,"pct":90}}
,"C:\\Users\\dinho\\codigos\\dashOS\\src\\shared\\lib\\prisma.ts": {"lines":{"total":16,"covered":16,"skipped":0,"pct":100},"functions":{"total":5,"covered":3,"skipped":0,"pct":60},"statements":{"total":16,"covered":16,"skipped":0,"pct":100},"branches":{"total":4,"covered":3,"skipped":0,"pct":75}}
,"C:\\Users\\dinho\\codigos\\dashOS\\src\\shared\\middlewares\\auth.middleware.ts": {"lines":{"total":54,"covered":33,"skipped":0,"pct":61.11},"functions":{"total":11,"covered":10,"skipped":0,"pct":90.9},"statements":{"total":54,"covered":33,"skipped":0,"pct":61.11},"branches":{"total":19,"covered":13,"skipped":0,"pct":68.42}}
}
