{"total": {"lines":{"total":980,"covered":791,"skipped":0,"pct":80.71},"statements":{"total":980,"covered":791,"skipped":0,"pct":80.71},"functions":{"total":225,"covered":187,"skipped":0,"pct":83.11},"branches":{"total":326,"covered":253,"skipped":0,"pct":77.6},"branchesTrue":{"total":0,"covered":0,"skipped":0,"pct":100}}
,"C:\\Users\\dinho\\codigos\\dashOS\\src\\erros\\errorCodes.ts": {"lines":{"total":55,"covered":54,"skipped":0,"pct":98.18},"functions":{"total":7,"covered":5,"skipped":0,"pct":71.42},"statements":{"total":55,"covered":54,"skipped":0,"pct":98.18},"branches":{"total":11,"covered":9,"skipped":0,"pct":81.81}}
,"C:\\Users\\dinho\\codigos\\dashOS\\src\\modules\\auth\\auth.controller.ts": {"lines":{"total":27,"covered":26,"skipped":0,"pct":96.29},"functions":{"total":8,"covered":8,"skipped":0,"pct":100},"statements":{"total":27,"covered":26,"skipped":0,"pct":96.29},"branches":{"total":10,"covered":8,"skipped":0,"pct":80}}
,"C:\\Users\\dinho\\codigos\\dashOS\\src\\modules\\auth\\auth.dto.ts": {"lines":{"total":13,"covered":13,"skipped":0,"pct":100},"functions":{"total":6,"covered":6,"skipped":0,"pct":100},"statements":{"total":13,"covered":13,"skipped":0,"pct":100},"branches":{"total":10,"covered":8,"skipped":0,"pct":80}}
,"C:\\Users\\dinho\\codigos\\dashOS\\src\\modules\\auth\\auth.repository.ts": {"lines":{"total":16,"covered":15,"skipped":0,"pct":93.75},"functions":{"total":7,"covered":7,"skipped":0,"pct":100},"statements":{"total":16,"covered":15,"skipped":0,"pct":93.75},"branches":{"total":14,"covered":10,"skipped":0,"pct":71.42}}
,"C:\\Users\\dinho\\codigos\\dashOS\\src\\modules\\auth\\auth.service.ts": {"lines":{"total":73,"covered":24,"skipped":0,"pct":32.87},"functions":{"total":12,"covered":8,"skipped":0,"pct":66.66},"statements":{"total":73,"covered":24,"skipped":0,"pct":32.87},"branches":{"total":15,"covered":9,"skipped":0,"pct":60}}
,"C:\\Users\\dinho\\codigos\\dashOS\\src\\modules\\clientes\\clientes.repository.ts": {"lines":{"total":53,"covered":52,"skipped":0,"pct":98.11},"functions":{"total":8,"covered":8,"skipped":0,"pct":100},"statements":{"total":53,"covered":52,"skipped":0,"pct":98.11},"branches":{"total":19,"covered":15,"skipped":0,"pct":78.94}}
,"C:\\Users\\dinho\\codigos\\dashOS\\src\\modules\\clientes\\clientes.service.ts": {"lines":{"total":45,"covered":24,"skipped":0,"pct":53.33},"functions":{"total":11,"covered":6,"skipped":0,"pct":54.54},"statements":{"total":45,"covered":24,"skipped":0,"pct":53.33},"branches":{"total":10,"covered":8,"skipped":0,"pct":80}}
,"C:\\Users\\dinho\\codigos\\dashOS\\src\\modules\\equipamentos\\equipamentos.repository.ts": {"lines":{"total":72,"covered":71,"skipped":0,"pct":98.61},"functions":{"total":8,"covered":8,"skipped":0,"pct":100},"statements":{"total":72,"covered":71,"skipped":0,"pct":98.61},"branches":{"total":23,"covered":17,"skipped":0,"pct":73.91}}
,"C:\\Users\\dinho\\codigos\\dashOS\\src\\modules\\equipamentos\\equipamentos.service.ts": {"lines":{"total":48,"covered":32,"skipped":0,"pct":66.66},"functions":{"total":13,"covered":7,"skipped":0,"pct":53.84},"statements":{"total":48,"covered":32,"skipped":0,"pct":66.66},"branches":{"total":10,"covered":8,"skipped":0,"pct":80}}
,"C:\\Users\\dinho\\codigos\\dashOS\\src\\modules\\fornecedores\\fornecedores.repository.ts": {"lines":{"total":52,"covered":51,"skipped":0,"pct":98.07},"functions":{"total":8,"covered":8,"skipped":0,"pct":100},"statements":{"total":52,"covered":51,"skipped":0,"pct":98.07},"branches":{"total":19,"covered":15,"skipped":0,"pct":78.94}}
,"C:\\Users\\dinho\\codigos\\dashOS\\src\\modules\\fornecedores\\fornecedores.service.ts": {"lines":{"total":45,"covered":24,"skipped":0,"pct":53.33},"functions":{"total":11,"covered":6,"skipped":0,"pct":54.54},"statements":{"total":45,"covered":24,"skipped":0,"pct":53.33},"branches":{"total":10,"covered":8,"skipped":0,"pct":80}}
,"C:\\Users\\dinho\\codigos\\dashOS\\src\\modules\\servicos\\servicos.controller.ts": {"lines":{"total":48,"covered":47,"skipped":0,"pct":97.91},"functions":{"total":11,"covered":11,"skipped":0,"pct":100},"statements":{"total":48,"covered":47,"skipped":0,"pct":97.91},"branches":{"total":13,"covered":11,"skipped":0,"pct":84.61}}
,"C:\\Users\\dinho\\codigos\\dashOS\\src\\modules\\servicos\\servicos.dto.ts": {"lines":{"total":23,"covered":23,"skipped":0,"pct":100},"functions":{"total":7,"covered":7,"skipped":0,"pct":100},"statements":{"total":23,"covered":23,"skipped":0,"pct":100},"branches":{"total":11,"covered":9,"skipped":0,"pct":81.81}}
,"C:\\Users\\dinho\\codigos\\dashOS\\src\\modules\\servicos\\servicos.repository.ts": {"lines":{"total":46,"covered":45,"skipped":0,"pct":97.82},"functions":{"total":8,"covered":8,"skipped":0,"pct":100},"statements":{"total":46,"covered":45,"skipped":0,"pct":97.82},"branches":{"total":18,"covered":14,"skipped":0,"pct":77.77}}
,"C:\\Users\\dinho\\codigos\\dashOS\\src\\modules\\servicos\\servicos.service.ts": {"lines":{"total":31,"covered":15,"skipped":0,"pct":48.38},"functions":{"total":11,"covered":5,"skipped":0,"pct":45.45},"statements":{"total":31,"covered":15,"skipped":0,"pct":48.38},"branches":{"total":7,"covered":5,"skipped":0,"pct":71.42}}
,"C:\\Users\\dinho\\codigos\\dashOS\\src\\modules\\usuarios\\usuarios.repository.ts": {"lines":{"total":69,"covered":68,"skipped":0,"pct":98.55},"functions":{"total":8,"covered":8,"skipped":0,"pct":100},"statements":{"total":69,"covered":68,"skipped":0,"pct":98.55},"branches":{"total":19,"covered":15,"skipped":0,"pct":78.94}}
,"C:\\Users\\dinho\\codigos\\dashOS\\src\\modules\\usuarios\\usuarios.service.ts": {"lines":{"total":36,"covered":25,"skipped":0,"pct":69.44},"functions":{"total":12,"covered":8,"skipped":0,"pct":66.66},"statements":{"total":36,"covered":25,"skipped":0,"pct":69.44},"branches":{"total":14,"covered":10,"skipped":0,"pct":71.42}}
,"C:\\Users\\dinho\\codigos\\dashOS\\src\\shared\\enums\\perfil.enum.ts": {"lines":{"total":7,"covered":7,"skipped":0,"pct":100},"functions":{"total":6,"covered":5,"skipped":0,"pct":83.33},"statements":{"total":7,"covered":7,"skipped":0,"pct":100},"branches":{"total":10,"covered":8,"skipped":0,"pct":80}}
,"C:\\Users\\dinho\\codigos\\dashOS\\src\\shared\\errors\\AppError.ts": {"lines":{"total":50,"covered":47,"skipped":0,"pct":94},"functions":{"total":26,"covered":22,"skipped":0,"pct":84.61},"statements":{"total":50,"covered":47,"skipped":0,"pct":94},"branches":{"total":26,"covered":24,"skipped":0,"pct":92.3}}
,"C:\\Users\\dinho\\codigos\\dashOS\\src\\shared\\lib\\prisma.ts": {"lines":{"total":16,"covered":16,"skipped":0,"pct":100},"functions":{"total":5,"covered":5,"skipped":0,"pct":100},"statements":{"total":16,"covered":16,"skipped":0,"pct":100},"branches":{"total":6,"covered":5,"skipped":0,"pct":83.33}}
,"C:\\Users\\dinho\\codigos\\dashOS\\src\\shared\\middlewares\\auth.middleware.ts": {"lines":{"total":54,"covered":33,"skipped":0,"pct":61.11},"functions":{"total":11,"covered":10,"skipped":0,"pct":90.9},"statements":{"total":54,"covered":33,"skipped":0,"pct":61.11},"branches":{"total":19,"covered":13,"skipped":0,"pct":68.42}}
,"C:\\Users\\dinho\\codigos\\dashOS\\src\\shared\\middlewares\\error.middleware.ts": {"lines":{"total":73,"covered":51,"skipped":0,"pct":69.86},"functions":{"total":8,"covered":8,"skipped":0,"pct":100},"statements":{"total":73,"covered":51,"skipped":0,"pct":69.86},"branches":{"total":15,"covered":9,"skipped":0,"pct":60}}
,"C:\\Users\\dinho\\codigos\\dashOS\\src\\shared\\types\\response.types.ts": {"lines":{"total":28,"covered":28,"skipped":0,"pct":100},"functions":{"total":13,"covered":13,"skipped":0,"pct":100},"statements":{"total":28,"covered":28,"skipped":0,"pct":100},"branches":{"total":17,"covered":15,"skipped":0,"pct":88.23}}
}
